---------------
REQ_AAU_I_020 for SCLK period: 1000000000 fs:
For numbers:  15.12109375 and -3.50000000
Add res. was: 11.62109375, Should be: 11.62109375, raw: 11.62109375
Mul res. was: -52.92578125, Should be: -52.92578125, raw: -52.92382812
PASSED
---------------
REQ_AAU_I_020 for SCLK period: 1000000000 fs:
For numbers:  100.25000000 and -40.00000000
Add res. was: 60.25000000, Should be: 60.25000000, raw: 60.25000000
Mul res. was: -128.00000000, Should be: -128.00000000, raw: -4010.00000000
PASSED
---------------
REQ_AAU_I_020 for SCLK period: 1000000000 fs:
For numbers:  69.42187500 and 1.69140625
Add res. was: 71.11328125, Should be: 71.11328125, raw: 71.11328125
Mul res. was: 117.41796875, Should be: 117.41796875, raw: 117.42059326
PASSED
---------------
REQ_AAU_I_020 for SCLK period: 10000000000 fs:
For numbers:  15.12109375 and -3.50000000
Add res. was: 11.62109375, Should be: 11.62109375, raw: 11.62109375
Mul res. was: -52.92578125, Should be: -52.92578125, raw: -52.92382812
PASSED
---------------
REQ_AAU_I_020 for SCLK period: 10000000000 fs:
For numbers:  100.25000000 and -40.00000000
Add res. was: 60.25000000, Should be: 60.25000000, raw: 60.25000000
Mul res. was: -128.00000000, Should be: -128.00000000, raw: -4010.00000000
PASSED
---------------
REQ_AAU_I_020 for SCLK period: 10000000000 fs:
For numbers:  69.42187500 and 1.69140625
Add res. was: 71.11328125, Should be: 71.11328125, raw: 71.11328125
Mul res. was: 117.41796875, Should be: 117.41796875, raw: 117.42059326
PASSED
---------------
REQ_AAU_I_020 for SCLK period: 100000000000 fs:
For numbers:  15.12109375 and -3.50000000
Add res. was: 11.62109375, Should be: 11.62109375, raw: 11.62109375
Mul res. was: -52.92578125, Should be: -52.92578125, raw: -52.92382812
PASSED
---------------
REQ_AAU_I_020 for SCLK period: 100000000000 fs:
For numbers:  100.25000000 and -40.00000000
Add res. was: 60.25000000, Should be: 60.25000000, raw: 60.25000000
Mul res. was: -128.00000000, Should be: -128.00000000, raw: -4010.00000000
PASSED
---------------
REQ_AAU_I_020 for SCLK period: 100000000000 fs:
For numbers:  69.42187500 and 1.69140625
Add res. was: 71.11328125, Should be: 71.11328125, raw: 71.11328125
Mul res. was: 117.41796875, Should be: 117.41796875, raw: 117.42059326
PASSED
